#
# There is insufficient memory for the Java Runtime Environment to continue.
# Native memory allocation (malloc) failed to allocate 47984 bytes for Chunk::new
# Possible reasons:
#   The system is out of physical RAM or swap space
#   In 32 bit mode, the process size limit was hit
# Possible solutions:
#   Reduce memory load on the system
#   Increase physical memory or swap space
#   Check if swap backing store is full
#   Use 64 bit Java on a 64 bit OS
#   Decrease Java heap size (-Xmx/-Xms)
#   Decrease number of Java threads
#   Decrease Java thread stack sizes (-Xss)
#   Set larger code cache with -XX:ReservedCodeCacheSize=
# This output file may be truncated or incomplete.
#
#  Out of Memory Error (allocation.cpp:390), pid=2716, tid=0x0000000000001d8c
#
# JRE version: Java(TM) SE Runtime Environment (8.0_144-b01) (build 1.8.0_144-b01)
# Java VM: Java HotSpot(TM) 64-Bit Server VM (25.144-b01 mixed mode windows-amd64 compressed oops)
# Failed to write core dump. Minidumps are not enabled by default on client versions of Windows
#

---------------  T H R E A D  ---------------

Current thread (0x0000000001cc3000):  JavaThread "main" [_thread_in_native, id=7564, stack(0x0000000002900000,0x0000000002a00000)]

Stack: [0x0000000002900000,0x0000000002a00000]
[error occurred during error reporting (printing stack bounds), id 0xc0000005]

Native frames: (J=compiled Java code, j=interpreted, Vv=VM code, C=native code)

Java frames: (J=compiled Java code, j=interpreted, Vv=VM code)
j  javax.management.openmbean.SimpleType.<clinit>()V+124
v  ~StubRoutines::call_stub
j  com.sun.jmx.mbeanserver.DefaultMXBeanMappingFactory.<clinit>()V+40
v  ~StubRoutines::call_stub
j  com.sun.jmx.mbeanserver.MXBeanMappingFactory.<clinit>()V+0
v  ~StubRoutines::call_stub
j  com.sun.jmx.mbeanserver.ConvertingMethod.<init>(Ljava/lang/reflect/Method;)V+9
j  com.sun.jmx.mbeanserver.ConvertingMethod.from(Ljava/lang/reflect/Method;)Lcom/sun/jmx/mbeanserver/ConvertingMethod;+5
j  com.sun.jmx.mbeanserver.MXBeanIntrospector.mFrom(Ljava/lang/reflect/Method;)Lcom/sun/jmx/mbeanserver/ConvertingMethod;+1
j  com.sun.jmx.mbeanserver.MXBeanIntrospector.mFrom(Ljava/lang/reflect/Method;)Ljava/lang/Object;+2
j  com.sun.jmx.mbeanserver.MBeanAnalyzer.initMaps(Ljava/lang/Class;Lcom/sun/jmx/mbeanserver/MBeanIntrospector;)V+61
j  com.sun.jmx.mbeanserver.MBeanAnalyzer.<init>(Ljava/lang/Class;Lcom/sun/jmx/mbeanserver/MBeanIntrospector;)V+104
j  com.sun.jmx.mbeanserver.MBeanAnalyzer.analyzer(Ljava/lang/Class;Lcom/sun/jmx/mbeanserver/MBeanIntrospector;)Lcom/sun/jmx/mbeanserver/MBeanAnalyzer;+6
j  com.sun.jmx.mbeanserver.MXBeanIntrospector.getAnalyzer(Ljava/lang/Class;)Lcom/sun/jmx/mbeanserver/MBeanAnalyzer;+2
j  com.sun.jmx.mbeanserver.MBeanIntrospector.getPerInterface(Ljava/lang/Class;)Lcom/sun/jmx/mbeanserver/PerInterface;+45
j  com.sun.jmx.mbeanserver.MBeanSupport.<init>(Ljava/lang/Object;Ljava/lang/Class;)V+90
j  com.sun.jmx.mbeanserver.MXBeanSupport.<init>(Ljava/lang/Object;Ljava/lang/Class;)V+3
j  javax.management.StandardMBean.construct(Ljava/lang/Object;Ljava/lang/Class;ZZ)V+56
j  javax.management.StandardMBean.<init>(Ljava/lang/Object;Ljava/lang/Class;Z)V+9
j  java.lang.management.ManagementFactory$2.run()Ljava/lang/Void;+70
j  java.lang.management.ManagementFactory$2.run()Ljava/lang/Object;+1
v  ~StubRoutines::call_stub
j  java.security.AccessController.doPrivileged(Ljava/security/PrivilegedExceptionAction;)Ljava/lang/Object;+0
j  java.lang.management.ManagementFactory.addMXBean(Ljavax/management/MBeanServer;Ljava/lang/management/PlatformManagedObject;)V+9
j  java.lang.management.ManagementFactory.getPlatformMBeanServer()Ljavax/management/MBeanServer;+120
j  sun.management.jmxremote.ConnectorBootstrap.startLocalConnectorServer()Ljavax/management/remote/JMXConnectorServer;+95
j  sun.management.Agent.startLocalManagementAgent()V+13
j  sun.management.Agent.startAgent(Ljava/util/Properties;)V+76
j  sun.management.Agent.startAgent()V+19
v  ~StubRoutines::call_stub

---------------  P R O C E S S  ---------------

Java Threads: ( => current thread )
  0x0000000058680800 JavaThread "Service Thread" daemon [_thread_blocked, id=7216, stack(0x0000000058d50000,0x0000000058e50000)]
  0x000000005867c000 JavaThread "C1 CompilerThread1" daemon [_thread_blocked, id=2340, stack(0x0000000058c50000,0x0000000058d50000)]
  0x000000005867b000 JavaThread "C2 CompilerThread0" daemon [_thread_blocked, id=7864, stack(0x0000000058990000,0x0000000058a90000)]
  0x0000000058667800 JavaThread "Monitor Ctrl-Break" daemon [_thread_in_native, id=2624, stack(0x0000000057e50000,0x0000000057f50000)]
  0x000000005729b800 JavaThread "Attach Listener" daemon [_thread_blocked, id=7552, stack(0x00000000580b0000,0x00000000581b0000)]
  0x00000000572b1800 JavaThread "Signal Dispatcher" daemon [_thread_blocked, id=7572, stack(0x00000000583a0000,0x00000000584a0000)]
  0x0000000057271800 JavaThread "Finalizer" daemon [_thread_blocked, id=7604, stack(0x00000000581c0000,0x00000000582c0000)]
  0x0000000057228800 JavaThread "Reference Handler" daemon [_thread_blocked, id=7600, stack(0x0000000057f50000,0x0000000058050000)]
=>0x0000000001cc3000 JavaThread "main" [_thread_in_native, id=7564, stack(0x0000000002900000,0x0000000002a00000)]

Other Threads:
  0x0000000057220800 VMThread [stack: 0x0000000057d30000,0x0000000057e30000] [id=7580]

VM state:not at safepoint (normal execution)

VM Mutex/Monitor currently owned by a thread: None

Heap:
 PSYoungGen      total 38400K, used 4674K [0x00000000d5f80000, 0x00000000d8a00000, 0x0000000100000000)
  eden space 33280K, 14% used [0x00000000d5f80000,0x00000000d64108f8,0x00000000d8000000)
  from space 5120K, 0% used [0x00000000d8500000,0x00000000d8500000,0x00000000d8a00000)
  to   space 5120K, 0% used [0x00000000d8000000,0x00000000d8000000,0x00000000d8500000)
 ParOldGen       total 87552K, used 0K [0x0000000081e00000, 0x0000000087380000, 0x00000000d5f80000)
  object space 87552K, 0% used [0x0000000081e00000,0x0000000081e00000,0x0000000087380000)
 Metaspace       used 4469K, capacity 4630K, committed 4992K, reserved 1056768K
  class space    used 504K, capacity 522K, committed 640K, reserved 1048576K

Card table byte_map: [0x0000000011dc0000,0x00000000121c0000] byte_map_base: 0x00000000119b1000

Marking Bits: (ParMarkBitMap*) 0x00000000641fd850
 Begin Bits: [0x00000000125e0000, 0x0000000014568000)
 End Bits:   [0x0000000014568000, 0x00000000164f0000)

Polling page: 0x0000000000530000

CodeCache: size=245760Kb used=1164Kb max_used=1164Kb free=244595Kb
 bounds [0x0000000002a00000, 0x0000000002c70000, 0x0000000011a00000]
 total_blobs=333 nmethods=56 adapters=191
 compilation: enabled

Compilation events (10 events):
Event: 4.915 Thread 0x000000005867c000   52       1       java.util.logging.Logger::getName (5 bytes)
Event: 4.915 Thread 0x000000005867c000 nmethod 52 0x0000000002b20bd0 code [0x0000000002b20d20, 0x0000000002b20e30]
Event: 4.915 Thread 0x000000005867c000   53       1       java.util.HashMap::get (23 bytes)
Event: 4.915 Thread 0x000000005867c000 nmethod 53 0x0000000002b20e90 code [0x0000000002b21000, 0x0000000002b211b8]
Event: 4.955 Thread 0x000000005867c000   54       1       java.util.HashMap::newNode (13 bytes)
Event: 4.955 Thread 0x000000005867c000 nmethod 54 0x0000000002b222d0 code [0x0000000002b22420, 0x0000000002b225d0]
Event: 4.955 Thread 0x000000005867c000   55       1       java.util.HashMap::afterNodeInsertion (1 bytes)
Event: 4.955 Thread 0x000000005867c000 nmethod 55 0x0000000002b22650 code [0x0000000002b227a0, 0x0000000002b228b0]
Event: 4.958 Thread 0x000000005867c000   56       1       sun.nio.cs.ext.DoubleByte$Encoder::encodeChar (21 bytes)
Event: 4.958 Thread 0x000000005867c000 nmethod 56 0x0000000002b22910 code [0x0000000002b22a60, 0x0000000002b22bd0]

GC Heap History (0 events):
No events

Deoptimization events (0 events):
No events

Internal exceptions (2 events):
Event: 0.235 Thread 0x0000000001cc3000 Exception <a 'java/lang/NoSuchMethodError': Method sun.misc.Unsafe.defineClass(Ljava/lang/String;[BII)Ljava/lang/Class; name or signature does not match> (0x00000000d5f87ca8) thrown at [C:\re\workspace\8-2-build-windows-amd64-cygwin\jdk8u144\9417\hotspot\
Event: 0.235 Thread 0x0000000001cc3000 Exception <a 'java/lang/NoSuchMethodError': Method sun.misc.Unsafe.prefetchRead(Ljava/lang/Object;J)V name or signature does not match> (0x00000000d5f87f90) thrown at [C:\re\workspace\8-2-build-windows-amd64-cygwin\jdk8u144\9417\hotspot\src\share\vm\prims

Events (10 events):
Event: 4.981 loading class javax/management/openmbean/OpenType done
Event: 4.981 loading class javax/management/openmbean/SimpleType
Event: 4.982 loading class javax/management/openmbean/SimpleType done
Event: 4.982 loading class javax/management/openmbean/CompositeData
Event: 4.998 loading class javax/management/openmbean/CompositeData done
Event: 4.998 loading class javax/management/openmbean/TabularData
Event: 4.998 loading class javax/management/openmbean/TabularData done
Event: 4.998 loading class java/lang/Void
Event: 4.998 loading class java/lang/Void done
Event: 4.998 loading class java/math/BigDecimal


Dynamic libraries:
0x000000013f650000 - 0x000000013f687000 	C:\Program Files\Java\jdk1.8.0_144\bin\java.exe
0x0000000077180000 - 0x000000007731f000 	C:\Windows\SYSTEM32\ntdll.dll
0x0000000077060000 - 0x000000007717f000 	C:\Windows\system32\kernel32.dll
0x000007fefd410000 - 0x000007fefd47a000 	C:\Windows\system32\KERNELBASE.dll
0x000007fefec70000 - 0x000007fefed4b000 	C:\Windows\system32\ADVAPI32.dll
0x000007fefed50000 - 0x000007fefedef000 	C:\Windows\system32\msvcrt.dll
0x000007fefd7c0000 - 0x000007fefd7df000 	C:\Windows\SYSTEM32\sechost.dll
0x000007feff2c0000 - 0x000007feff3ec000 	C:\Windows\system32\RPCRT4.dll
0x0000000076f60000 - 0x000000007705a000 	C:\Windows\system32\USER32.dll
0x000007fefe6f0000 - 0x000007fefe757000 	C:\Windows\system32\GDI32.dll
0x000007fefec60000 - 0x000007fefec6e000 	C:\Windows\system32\LPK.dll
0x000007fefd480000 - 0x000007fefd54a000 	C:\Windows\system32\USP10.dll
0x000007fefb880000 - 0x000007fefba74000 	C:\Windows\WinSxS\amd64_microsoft.windows.common-controls_6595b64144ccf1df_6.0.7601.18837_none_fa3b1e3d17594757\COMCTL32.dll
0x000007fefeb40000 - 0x000007fefebb1000 	C:\Windows\system32\SHLWAPI.dll
0x000007feff100000 - 0x000007feff12e000 	C:\Windows\system32\IMM32.DLL
0x000007fefea30000 - 0x000007fefeb39000 	C:\Windows\system32\MSCTF.dll
0x000000006d5f0000 - 0x000000006d6c2000 	C:\Program Files\Java\jdk1.8.0_144\jre\bin\msvcr100.dll
0x00000000639e0000 - 0x000000006427d000 	C:\Program Files\Java\jdk1.8.0_144\jre\bin\server\jvm.dll
0x000007fef9470000 - 0x000007fef9479000 	C:\Windows\system32\WSOCK32.dll
0x000007fefd770000 - 0x000007fefd7bd000 	C:\Windows\system32\WS2_32.dll
0x000007fefea20000 - 0x000007fefea28000 	C:\Windows\system32\NSI.dll
0x000007fefb180000 - 0x000007fefb1bb000 	C:\Windows\system32\WINMM.dll
0x000007fefc1d0000 - 0x000007fefc1dc000 	C:\Windows\system32\VERSION.dll
0x0000000077330000 - 0x0000000077337000 	C:\Windows\system32\PSAPI.DLL
0x0000000073fc0000 - 0x0000000073fcf000 	C:\Program Files\Java\jdk1.8.0_144\jre\bin\verify.dll
0x00000000732e0000 - 0x0000000073309000 	C:\Program Files\Java\jdk1.8.0_144\jre\bin\java.dll
0x0000000073200000 - 0x0000000073223000 	C:\Program Files\Java\jdk1.8.0_144\jre\bin\instrument.dll
0x00000000733a0000 - 0x00000000733b6000 	C:\Program Files\Java\jdk1.8.0_144\jre\bin\zip.dll
0x000007fefd7e0000 - 0x000007fefe56b000 	C:\Windows\system32\SHELL32.dll
0x000007fefd570000 - 0x000007fefd76d000 	C:\Windows\system32\ole32.dll
0x000007fefd070000 - 0x000007fefd07f000 	C:\Windows\system32\profapi.dll
0x000007fef2a10000 - 0x000007fef2a2a000 	D:\equip\IntelliJ IDEA 2019.2.2\bin\breakgen64.dll
0x00000000732c0000 - 0x00000000732da000 	C:\Program Files\Java\jdk1.8.0_144\jre\bin\net.dll
0x000007fefc850000 - 0x000007fefc8a5000 	C:\Windows\system32\mswsock.dll
0x000007fefc840000 - 0x000007fefc847000 	C:\Windows\System32\wship6.dll
0x000007fefc2a0000 - 0x000007fefc2a7000 	C:\Windows\System32\wshtcpip.dll
0x000007fefc6d0000 - 0x000007fefc72b000 	C:\Windows\system32\DNSAPI.dll
0x000007fefab30000 - 0x000007fefab57000 	C:\Windows\system32\IPHLPAPI.DLL
0x000007fefab20000 - 0x000007fefab2b000 	C:\Windows\system32\WINNSI.DLL
0x000007fef9460000 - 0x000007fef9468000 	C:\Windows\system32\rasadhlp.dll
0x000007fefa6b0000 - 0x000007fefa703000 	C:\Windows\System32\fwpuclnt.dll
0x0000000073fd0000 - 0x0000000073fdd000 	C:\Program Files\Java\jdk1.8.0_144\jre\bin\management.dll

VM Arguments:
jvm_args: -XX:TieredStopAtLevel=1 -Xverify:none -Dspring.output.ansi.enabled=always -Dcom.sun.management.jmxremote -Dspring.jmx.enabled=true -Dspring.liveBeansView.mbeanDomain -Dspring.application.admin.enabled=true -javaagent:D:\equip\IntelliJ IDEA 2019.2.2\lib\idea_rt.jar=59470:D:\equip\IntelliJ IDEA 2019.2.2\bin -Dfile.encoding=UTF-8 
java_command: com.tl.conf.ConfApplication
java_class_path (initial): C:\Program Files\Java\jdk1.8.0_144\jre\lib\charsets.jar;C:\Program Files\Java\jdk1.8.0_144\jre\lib\deploy.jar;C:\Program Files\Java\jdk1.8.0_144\jre\lib\ext\access-bridge-64.jar;C:\Program Files\Java\jdk1.8.0_144\jre\lib\ext\cldrdata.jar;C:\Program Files\Java\jdk1.8.0_144\jre\lib\ext\dnsns.jar;C:\Program Files\Java\jdk1.8.0_144\jre\lib\ext\jaccess.jar;C:\Program Files\Java\jdk1.8.0_144\jre\lib\ext\jfxrt.jar;C:\Program Files\Java\jdk1.8.0_144\jre\lib\ext\localedata.jar;C:\Program Files\Java\jdk1.8.0_144\jre\lib\ext\nashorn.jar;C:\Program Files\Java\jdk1.8.0_144\jre\lib\ext\sunec.jar;C:\Program Files\Java\jdk1.8.0_144\jre\lib\ext\sunjce_provider.jar;C:\Program Files\Java\jdk1.8.0_144\jre\lib\ext\sunmscapi.jar;C:\Program Files\Java\jdk1.8.0_144\jre\lib\ext\sunpkcs11.jar;C:\Program Files\Java\jdk1.8.0_144\jre\lib\ext\zipfs.jar;C:\Program Files\Java\jdk1.8.0_144\jre\lib\javaws.jar;C:\Program Files\Java\jdk1.8.0_144\jre\lib\jce.jar;C:\Program Files\Java\jdk1.8.0_144\jre\lib\jfr.jar;C:\Program Files\Java\jdk1.8.0_144\jre\lib\jfxswt.jar;C:\Program Files\Java\jdk1.8.0_144\jre\lib\jsse.jar;C:\Program Files\Java\jdk1.8.0_144\jre\lib\management-agent.jar;C:\Program Files\Java\jdk1.8.0_144\jre\lib\plugin.jar;C:\Program Files\Java\jdk1.8.0_144\jre\lib\resources.jar;C:\Program Files\Java\jdk1.8.0_144\jre\lib\rt.jar;D:\Chang\workspace_idea\conf\target\classes;D:\Chang\apache-maven-3.6.1\repository\org\springframework\boot\spring-boot-starter-web\2.2.2.RELEASE\spring-boot-starter-web-2.2.2.RELEASE.jar;D:\Chang\apache-maven-3.6.1\repository\org\springframework\boot\spring-boot-starter\2.2.2.RELEASE\spring-boot-starter-2.2.2.RELEASE.jar;D:\Chang\apache-maven-3.6.1\repository\org\springframework\boot\spring-boot\2.2.2.RELEASE\spring-boot-2.2.2.RELEASE.jar;D:\Chang\apache-maven-3.6.1\repository\org\springframework\boot\spring-boot-autoconfigure\2.2.2.RELEASE\spring-boot-autoconfigure-2.2.2.RELEASE.jar;D:\Chang\apache-maven-3.6.1\repository\org\springframewor
Launcher Type: SUN_STANDARD

Environment Variables:
JAVA_HOME=C:\Program Files\Java\jdk1.8.0_144
CLASSPATH=.;C:\Program Files\Java\jdk1.8.0_144\lib\dt.jar;C:\Program Files\Java\jdk1.8.0_144\lib\tools.jar
PATH=E:\app\Chang\product\11.2.0\client_1\bin;E:\app\Chang\product\11.2.0\dbhome_1\bin;C:\Program Files\Java\jdk1.8.0_144\bin;C:\Program Files\Java\jdk1.8.0_144\jre\bin;D:\Chang\apache-maven-3.6.1\bin;C:\ProgramData\Oracle\Java\javapath;C:\Windows\system32;C:\Windows;C:\Windows\System32\Wbem;C:\Windows\System32\WindowsPowerShell\v1.0\;D:\equip\nodejs\;D:\equip\Git\cmd;D:\Chang\apache-maven-3.6.1\bin;D:\equip\mysql-8.0.15-winx64\bin;C:\Program Files\MySQL\MySQL Shell 8.0\bin\;D:\equip\WebStorm 2019.2\bin;;D:\equip\nodejs\node_global;D:\equip\IntelliJ IDEA 2019.2.2\bin;
USERNAME=Chang
OS=Windows_NT
PROCESSOR_IDENTIFIER=Intel64 Family 6 Model 60 Stepping 3, GenuineIntel



---------------  S Y S T E M  ---------------

OS: Windows 7 , 64 bit Build 7601 (6.1.7601.24384)

CPU:total 2 (initial active 2) (2 cores per cpu, 1 threads per core) family 6 model 60 stepping 3, cmov, cx8, fxsr, mmx, sse, sse2, sse3, ssse3, sse4.1, sse4.2, popcnt, clmul, erms, lzcnt, tsc, tscinvbit

Memory: 4k page, physical 8261572k(2129092k free), swap 8259668k(4956k free)

vm_info: Java HotSpot(TM) 64-Bit Server VM (25.144-b01) for windows-amd64 JRE (1.8.0_144-b01), built on Jul 21 2017 21:57:33 by "java_re" with MS VC++ 10.0 (VS2010)

time: Tue Dec 24 15:34:16 2019
elapsed time: 5 seconds (0d 0h 0m 5s)

